<?xml version="1.0" encoding="UTF-8"?>
<!-- Generated by org.testng.reporters.JUnitReportReporter -->
<testsuite hostname="DESKTOP-CCNIRJ9" failures="0" tests="1" name="testcases.FacebookTestCase" time="2.612" errors="0" timestamp="2021-08-05T08:47:27 IST" skipped="0">
  <testcase classname="testcases.FacebookTestCase" name="login" time="2.612"/>
  <system-out/>
</testsuite> <!-- testcases.FacebookTestCase -->
