<?xml version="1.0" encoding="UTF-8"?>
<!-- Generated by org.testng.reporters.JUnitReportReporter -->
<testsuite hostname="DESKTOP-CCNIRJ9" failures="0" tests="3" name="practice.LoginUsingJson" time="32.112" errors="0" timestamp="2021-08-03T15:24:10 IST" skipped="0">
  <testcase classname="practice.LoginUsingJson" name="login" time="11.406"/>
  <system-out/>
  <testcase classname="practice.LoginUsingJson" name="login" time="8.426"/>
  <system-out/>
  <testcase classname="practice.LoginUsingJson" name="login" time="12.280"/>
  <system-out/>
</testsuite> <!-- practice.LoginUsingJson -->
