<?xml version="1.0" encoding="UTF-8"?>
<!-- Generated by org.testng.reporters.JUnitReportReporter -->
<testsuite hostname="DESKTOP-CCNIRJ9" failures="0" tests="1" name="testcases.LoginToAbhiBus" time="32.900" errors="0" timestamp="2021-08-05T11:14:03 IST" skipped="0">
  <testcase classname="testcases.LoginToAbhiBus" name="loginandLogout" time="32.900"/>
  <system-out/>
</testsuite> <!-- testcases.LoginToAbhiBus -->
