<?xml version="1.0" encoding="UTF-8"?>
<!-- Generated by org.testng.reporters.JUnitReportReporter -->
<testsuite hostname="DESKTOP-CCNIRJ9" failures="0" tests="1" name="testcases.LoginToApplication" time="0.062" errors="0" timestamp="2021-08-02T22:44:04 IST" skipped="0">
  <testcase classname="testcases.LoginToApplication" name="loginandLogout" time="0.062"/>
  <system-out/>
</testsuite> <!-- testcases.LoginToApplication -->
