<?xml version="1.0" encoding="UTF-8"?>
<!-- Generated by org.testng.reporters.JUnitReportReporter -->
<testsuite hostname="DESKTOP-CCNIRJ9" failures="0" tests="1" name="testcases.TestCase" time="10.161" errors="0" timestamp="2021-08-04T15:34:40 IST" skipped="0">
  <testcase classname="testcases.TestCase" name="loginandLogout" time="10.161"/>
  <system-out/>
</testsuite> <!-- testcases.TestCase -->
