<?xml version="1.0" encoding="UTF-8"?>
<!-- Generated by org.testng.reporters.JUnitReportReporter -->
<testsuite hostname="DESKTOP-CCNIRJ9" failures="0" tests="1" name="testcases.OrangeHRMTestCase" time="10.819" errors="0" timestamp="2021-08-05T08:42:41 IST" skipped="0">
  <testcase classname="testcases.OrangeHRMTestCase" name="login" time="10.819"/>
  <system-out/>
</testsuite> <!-- testcases.OrangeHRMTestCase -->
